#
# There is insufficient memory for the Java Runtime Environment to continue.
# Native memory allocation (mmap) failed to map 266338304 bytes for G1 virtual space
# Possible reasons:
#   The system is out of physical RAM or swap space
#   The process is running with CompressedOops enabled, and the Java Heap may be blocking the growth of the native heap
# Possible solutions:
#   Reduce memory load on the system
#   Increase physical memory or swap space
#   Check if swap backing store is full
#   Decrease Java heap size (-Xmx/-Xms)
#   Decrease number of Java threads
#   Decrease Java thread stack sizes (-Xss)
#   Set larger code cache with -XX:ReservedCodeCacheSize=
#   JVM is running with Zero Based Compressed Oops mode in which the Java heap is
#     placed in the first 32GB address space. The Java Heap base address is the
#     maximum limit for the native heap growth. Please use -XX:HeapBaseMinAddress
#     to set the Java Heap base and to place the Java Heap above 32GB virtual address.
# This output file may be truncated or incomplete.
#
#  Out of Memory Error (os_windows.cpp:3771), pid=16128, tid=4272
#
# JRE version:  (17.0.7) (build )
# Java VM: OpenJDK 64-Bit Server VM (17.0.7+0-b2043.56-10550314, mixed mode, sharing, tiered, compressed oops, compressed class ptrs, g1 gc, windows-amd64)
# No core dump will be written. Minidumps are not enabled by default on client versions of Windows
#

---------------  S U M M A R Y ------------

Command Line: git4idea.http.GitAskPassApp Username for 'https://github.com': 

Host: Intel(R) Core(TM) i7-10700 CPU @ 2.90GHz, 16 cores, 15G,  Windows 11 , 64 bit Build 22621 (10.0.22621.2506)
Time: Mon Jan 22 21:47:10 2024 Sri Lanka Standard Time elapsed time: 0.009265 seconds (0d 0h 0m 0s)

---------------  T H R E A D  ---------------

Current thread (0x000002bcdd40f4b0):  JavaThread "Unknown thread" [_thread_in_vm, id=4272, stack(0x000000faae900000,0x000000faaea00000)]

Stack: [0x000000faae900000,0x000000faaea00000]
Native frames: (J=compiled Java code, j=interpreted, Vv=VM code, C=native code)
V  [jvm.dll+0x683bfa]
V  [jvm.dll+0x8430a4]
V  [jvm.dll+0x8449be]
V  [jvm.dll+0x845023]
V  [jvm.dll+0x24ad2f]
V  [jvm.dll+0x680ac9]
V  [jvm.dll+0x67519a]
V  [jvm.dll+0x30b3cb]
V  [jvm.dll+0x312876]
V  [jvm.dll+0x36221e]
V  [jvm.dll+0x36244f]
V  [jvm.dll+0x2e14a8]
V  [jvm.dll+0x2e2414]
V  [jvm.dll+0x814391]
V  [jvm.dll+0x36ffe1]
V  [jvm.dll+0x7f396c]
V  [jvm.dll+0x3f305f]
V  [jvm.dll+0x3f4b91]
C  [jli.dll+0x528f]
C  [ucrtbase.dll+0x29363]
C  [KERNEL32.DLL+0x1257d]
C  [ntdll.dll+0x5aa58]


---------------  P R O C E S S  ---------------

Threads class SMR info:
_java_thread_list=0x00007ffe102ed098, length=0, elements={
}

Java Threads: ( => current thread )

Other Threads:
  0x000002bcdd47cec0 GCTaskThread "GC Thread#0" [stack: 0x000000faaea00000,0x000000faaeb00000] [id=11792]
  0x000002bcdd48e200 ConcurrentGCThread "G1 Main Marker" [stack: 0x000000faaeb00000,0x000000faaec00000] [id=14740]
  0x000002bcdd48eb20 ConcurrentGCThread "G1 Conc#0" [stack: 0x000000faaec00000,0x000000faaed00000] [id=13140]

[error occurred during error reporting (printing all threads), id 0xc0000005, EXCEPTION_ACCESS_VIOLATION (0xc0000005) at pc=0x00007ffe0faa2087]

VM state: not at safepoint (not fully initialized)

VM Mutex/Monitor currently owned by a thread:  ([mutex/lock_event])
[0x000002bcdd409f90] Heap_lock - owner thread: 0x000002bcdd40f4b0

Heap address: 0x0000000702a00000, size: 4054 MB, Compressed Oops mode: Zero based, Oop shift amount: 3

CDS archive(s) mapped at: [0x0000000000000000-0x0000000000000000-0x0000000000000000), size 0, SharedBaseAddress: 0x0000000800000000, ArchiveRelocationMode: 0.
Narrow klass base: 0x0000000000000000, Narrow klass shift: 0, Narrow klass range: 0x0

GC Precious Log:
<Empty>

Heap:
 garbage-first heap   total 0K, used 0K [0x0000000702a00000, 0x0000000800000000)
  region size 2048K, 0 young (0K), 0 survivors (0K)
 Metaspace       used 0K, committed 0K, reserved 0K
  class space    used 0K, committed 0K, reserved 0K

Heap Regions: E=young(eden), S=young(survivor), O=old, HS=humongous(starts), HC=humongous(continues), CS=collection set, F=free, OA=open archive, CA=closed archive, TAMS=top-at-mark-start (previous, next)

Card table byte_map: [0x000002bcf0950000,0x000002bcf1140000] _byte_map_base: 0x000002bced13b000

Marking Bits (Prev, Next): (CMBitMap*) 0x000002bcdd47d3e0, (CMBitMap*) 0x000002bcdd47d420
 Prev Bits: [0x000002bcf1930000, 0x000002bcf5888000)
 Next Bits: [0x000002bcf5890000, 0x000002bcf97e8000)

GC Heap History (0 events):
No events

Dll operation events (1 events):
Event: 0.005 Loaded shared library C:\Program Files\Android\Android Studio\jbr\bin\java.dll

Deoptimization events (0 events):
No events

Classes unloaded (0 events):
No events

Classes redefined (0 events):
No events

Internal exceptions (0 events):
No events

VM Operations (0 events):
No events

Events (0 events):
No events


Dynamic libraries:
0x00007ff7076e0000 - 0x00007ff7076ea000 	C:\Program Files\Android\Android Studio\jbr\bin\java.exe
0x00007ffe6cef0000 - 0x00007ffe6d107000 	C:\WINDOWS\SYSTEM32\ntdll.dll
0x00007ffe6c2f0000 - 0x00007ffe6c3b4000 	C:\WINDOWS\System32\KERNEL32.DLL
0x00007ffe6a4b0000 - 0x00007ffe6a856000 	C:\WINDOWS\System32\KERNELBASE.dll
0x00007ffe6a390000 - 0x00007ffe6a4a1000 	C:\WINDOWS\System32\ucrtbase.dll
0x00007ffe2f3d0000 - 0x00007ffe2f3e7000 	C:\Program Files\Android\Android Studio\jbr\bin\jli.dll
0x00007ffe5aab0000 - 0x00007ffe5aacb000 	C:\Program Files\Android\Android Studio\jbr\bin\VCRUNTIME140.dll
0x00007ffe6c3c0000 - 0x00007ffe6c56e000 	C:\WINDOWS\System32\USER32.dll
0x00007ffe567f0000 - 0x00007ffe56a83000 	C:\WINDOWS\WinSxS\amd64_microsoft.windows.common-controls_6595b64144ccf1df_6.0.22621.2506_none_270c5ae97388e100\COMCTL32.dll
0x00007ffe6ab90000 - 0x00007ffe6abb6000 	C:\WINDOWS\System32\win32u.dll
0x00007ffe6c580000 - 0x00007ffe6c627000 	C:\WINDOWS\System32\msvcrt.dll
0x00007ffe6c970000 - 0x00007ffe6c999000 	C:\WINDOWS\System32\GDI32.dll
0x00007ffe6a860000 - 0x00007ffe6a978000 	C:\WINDOWS\System32\gdi32full.dll
0x00007ffe6a2f0000 - 0x00007ffe6a38a000 	C:\WINDOWS\System32\msvcp_win.dll
0x00007ffe6ac40000 - 0x00007ffe6ac71000 	C:\WINDOWS\System32\IMM32.DLL
0x00007ffe5b000000 - 0x00007ffe5b00c000 	C:\Program Files\Android\Android Studio\jbr\bin\vcruntime140_1.dll
0x00007ffe27d60000 - 0x00007ffe27ded000 	C:\Program Files\Android\Android Studio\jbr\bin\msvcp140.dll
0x00007ffe0f7b0000 - 0x00007ffe10430000 	C:\Program Files\Android\Android Studio\jbr\bin\server\jvm.dll
0x00007ffe6b030000 - 0x00007ffe6b0e3000 	C:\WINDOWS\System32\ADVAPI32.dll
0x00007ffe6ace0000 - 0x00007ffe6ad88000 	C:\WINDOWS\System32\sechost.dll
0x00007ffe6aaf0000 - 0x00007ffe6ab18000 	C:\WINDOWS\System32\bcrypt.dll
0x00007ffe6c6e0000 - 0x00007ffe6c7f7000 	C:\WINDOWS\System32\RPCRT4.dll
0x00007ffe63ba0000 - 0x00007ffe63bd4000 	C:\WINDOWS\SYSTEM32\WINMM.dll
0x00007ffe66b50000 - 0x00007ffe66b59000 	C:\WINDOWS\SYSTEM32\WSOCK32.dll
0x00007ffe62ed0000 - 0x00007ffe62eda000 	C:\WINDOWS\SYSTEM32\VERSION.dll
0x00007ffe6ce30000 - 0x00007ffe6cea1000 	C:\WINDOWS\System32\WS2_32.dll
0x00007ffe69220000 - 0x00007ffe69238000 	C:\WINDOWS\SYSTEM32\kernel.appcore.dll
0x00007ffe5aff0000 - 0x00007ffe5affa000 	C:\Program Files\Android\Android Studio\jbr\bin\jimage.dll
0x00007ffe4d0e0000 - 0x00007ffe4d313000 	C:\WINDOWS\SYSTEM32\DBGHELP.DLL
0x00007ffe6b0f0000 - 0x00007ffe6b479000 	C:\WINDOWS\System32\combase.dll
0x00007ffe6ad90000 - 0x00007ffe6ae67000 	C:\WINDOWS\System32\OLEAUT32.dll
0x00007ffe4d0a0000 - 0x00007ffe4d0d2000 	C:\WINDOWS\SYSTEM32\dbgcore.DLL
0x00007ffe6abc0000 - 0x00007ffe6ac3a000 	C:\WINDOWS\System32\bcryptPrimitives.dll
0x00007ffe3c7d0000 - 0x00007ffe3c7f5000 	C:\Program Files\Android\Android Studio\jbr\bin\java.dll

dbghelp: loaded successfully - version: 4.0.5 - missing functions: none
symbol engine: initialized successfully - sym options: 0x614 - pdb path: .;C:\Program Files\Android\Android Studio\jbr\bin;C:\WINDOWS\SYSTEM32;C:\WINDOWS\WinSxS\amd64_microsoft.windows.common-controls_6595b64144ccf1df_6.0.22621.2506_none_270c5ae97388e100;C:\Program Files\Android\Android Studio\jbr\bin\server

VM Arguments:
java_command: git4idea.http.GitAskPassApp Username for 'https://github.com': 
java_class_path (initial): C:/Program Files/Android/Android Studio/plugins/vcs-git/lib/git4idea-rt.jar;C:/Program Files/Android/Android Studio/lib/externalProcess-rt.jar
Launcher Type: SUN_STANDARD

[Global flags]
     intx CICompilerCount                          = 12                                        {product} {ergonomic}
     uint ConcGCThreads                            = 3                                         {product} {ergonomic}
     uint G1ConcRefinementThreads                  = 13                                        {product} {ergonomic}
   size_t G1HeapRegionSize                         = 2097152                                   {product} {ergonomic}
    uintx GCDrainStackTargetSize                   = 64                                        {product} {ergonomic}
   size_t InitialHeapSize                          = 266338304                                 {product} {ergonomic}
   size_t MarkStackSize                            = 4194304                                   {product} {ergonomic}
   size_t MaxHeapSize                              = 4250927104                                {product} {ergonomic}
   size_t MinHeapDeltaBytes                        = 2097152                                   {product} {ergonomic}
   size_t MinHeapSize                              = 8388608                                   {product} {ergonomic}
    uintx NonNMethodCodeHeapSize                   = 7602480                                {pd product} {ergonomic}
    uintx NonProfiledCodeHeapSize                  = 122027880                              {pd product} {ergonomic}
    uintx ProfiledCodeHeapSize                     = 122027880                              {pd product} {ergonomic}
    uintx ReservedCodeCacheSize                    = 251658240                              {pd product} {ergonomic}
     bool SegmentedCodeCache                       = true                                      {product} {ergonomic}
   size_t SoftMaxHeapSize                          = 4250927104                             {manageable} {ergonomic}
     bool UseCompressedClassPointers               = true                           {product lp64_product} {ergonomic}
     bool UseCompressedOops                        = true                           {product lp64_product} {ergonomic}
     bool UseG1GC                                  = true                                      {product} {ergonomic}
     bool UseLargePagesIndividualAllocation        = false                                  {pd product} {ergonomic}

Logging:
Log output configuration:
 #0: stdout all=warning uptime,level,tags
 #1: stderr all=off uptime,level,tags

Environment Variables:
PATH=C:\Program Files\Git\mingw64\libexec\git-core;C:\Program Files\Git\mingw64\libexec\git-core;C:\Program Files\Git\mingw64\bin;C:\Program Files\Git\usr\bin;C:\Users\anura\bin;C:\Program Files\Common Files\Oracle\Java\javapath;C:\WINDOWS\system32;C:\WINDOWS;C:\WINDOWS\System32\Wbem;C:\WINDOWS\System32\WindowsPowerShell\v1.0;C:\WINDOWS\System32\OpenSSH;C:\xampp\php;C:\Program Files\Java\jdk-20\bin;C:\Program Files\Git\cmd;C:\ProgramData\ComposerSetup\bin;C:\Program Files\PuTTY;C:\Users\anura\AppData\Local\Microsoft\WindowsApps;C:\Users\anura\AppData\Local\Programs\Microsoft VS Code\bin;C:\Users\anura\AppData\Local\GitHubDesktop\bin;C:\Users\anura\AppData\Roaming\Composer\vendor\bin;C:\Program Files\Git\usr\bin;C:\src\flutter\bin
USERNAME=anura
DISPLAY=:0.0
LC_ALL=en_US.UTF-8
TERM=xterm-256color
TMPDIR=C:\Users\anura\AppData\Local\Temp
OS=Windows_NT
PROCESSOR_IDENTIFIER=Intel64 Family 6 Model 165 Stepping 5, GenuineIntel
TMP=C:\Users\anura\AppData\Local\Temp
TEMP=C:\Users\anura\AppData\Local\Temp


JNI global refs:
JNI global refs: 0, weak refs: 0

JNI global refs memory usage: 0, weak refs: 0

OOME stack traces (most recent first):
Classloader memory used:


---------------  S Y S T E M  ---------------

OS:
 Windows 11 , 64 bit Build 22621 (10.0.22621.2506)
OS uptime: 0 days 12:47 hours
Hyper-V role detected

CPU: total 16 (initial active 16) (8 cores per cpu, 2 threads per core) family 6 model 165 stepping 5 microcode 0xf4, cx8, cmov, fxsr, ht, mmx, 3dnowpref, sse, sse2, sse3, ssse3, sse4.1, sse4.2, popcnt, lzcnt, tsc, tscinvbit, avx, avx2, aes, erms, clmul, bmi1, bmi2, adx, fma, vzeroupper, clflush, clflushopt, hv

Memory: 4k page, system-wide physical 16209M (1991M free)
TotalPageFile size 16209M (AvailPageFile size 223M)
current process WorkingSet (physical memory assigned to process): 11M, peak: 11M
current process commit charge ("private bytes"): 70M, peak: 324M

vm_info: OpenJDK 64-Bit Server VM (17.0.7+0-b2043.56-10550314) for windows-amd64 JRE (17.0.7+0-b2043.56-10550314), built on Jul 24 2023 18:27:45 by "androidbuild" with MS VC++ 16.10 / 16.11 (VS2019)

END.
